<?xml version="1.0" encoding="UTF-8"?>
<robot generator="Robot 7.2.2 (Python 3.9.2 on darwin)" generated="2026-05-20T13:08:58.055617" rpa="false" schemaversion="5">
<suite id="s1" name="Robot Exam" source="/Users/s96681/works/Assignments/robot_exam">
<suite id="s1-s1" name="Testcases" source="/Users/s96681/works/Assignments/robot_exam/testcases">
<suite id="s1-s1-s1" name="Test Edge Browser" source="/Users/s96681/works/Assignments/robot_exam/testcases/test_edge_browser.robot">
<test id="s1-s1-s1-t1" name="Test Open Microsoft Edge Browser" line="7">
<kw name="Open microsoft edge to go to https://www.google.com" owner="common_web_keywords" source_name="Open microsoft edge to go to ${url}">
<kw name="Set Variable" owner="BuiltIn">
<msg time="2026-05-20T13:08:58.232936" level="INFO">${edge_path} = /Users/s96681/works/Assignments/edgedriver_mac64/msedgedriver</msg>
<var>${edge_path}</var>
<arg>/Users/s96681/works/Assignments/edgedriver_mac64/msedgedriver</arg>
<doc>Returns the given values which can then be assigned to a variables.</doc>
<status status="PASS" start="2026-05-20T13:08:58.232772" elapsed="0.000235"/>
</kw>
<kw name="Open Browser" owner="SeleniumLibrary">
<msg time="2026-05-20T13:08:58.233338" level="WARN">exexcutable_path is being deprecated. Please use service to configure the driver's executable_path as per documentation.</msg>
<msg time="2026-05-20T13:08:58.236728" level="INFO">Opening browser 'edge' to base url 'https://www.google.com'.</msg>
<arg>${url}</arg>
<arg>edge</arg>
<arg>executable_path=${edge_path}</arg>
<doc>Opens a new browser instance to the optional ``url``.</doc>
<status status="PASS" start="2026-05-20T13:08:58.233133" elapsed="0.826991"/>
</kw>
<status status="PASS" start="2026-05-20T13:08:58.232130" elapsed="0.828492"/>
</kw>
<doc>robot framework can open url by edge browser</doc>
<status status="PASS" start="2026-05-20T13:08:58.230418" elapsed="0.830645"/>
</test>
<test id="s1-s1-s1-t2" name="Test Open Chrome Browser" line="11">
<kw name="Open chrome to go to https://www.google.com" owner="common_web_keywords" source_name="Open chrome to go to ${url}">
<kw name="Set Variable" owner="BuiltIn">
<msg time="2026-05-20T13:08:59.066731" level="INFO">${chrome_path} = /Users/s96681/works/Assignments/chromedriver-mac-arm64/chromedriver</msg>
<var>${chrome_path}</var>
<arg>/Users/s96681/works/Assignments/chromedriver-mac-arm64/chromedriver</arg>
<doc>Returns the given values which can then be assigned to a variables.</doc>
<status status="PASS" start="2026-05-20T13:08:59.066552" elapsed="0.000262"/>
</kw>
<kw name="Open Browser" owner="SeleniumLibrary">
<msg time="2026-05-20T13:08:59.067200" level="WARN">exexcutable_path is being deprecated. Please use service to configure the driver's executable_path as per documentation.</msg>
<msg time="2026-05-20T13:08:59.070570" level="INFO">Opening browser 'chrome' to base url 'https://www.google.com'.</msg>
<arg>${url}</arg>
<arg>chrome</arg>
<arg>executable_path=${chrome_path}</arg>
<doc>Opens a new browser instance to the optional ``url``.</doc>
<status status="PASS" start="2026-05-20T13:08:59.066947" elapsed="1.432810"/>
</kw>
<status status="PASS" start="2026-05-20T13:08:59.066112" elapsed="1.435216"/>
</kw>
<doc>robot framework can open url by chrome browser</doc>
<status status="PASS" start="2026-05-20T13:08:59.064360" elapsed="1.438725"/>
</test>
<status status="PASS" start="2026-05-20T13:08:58.072952" elapsed="2.434593"/>
</suite>
<status status="PASS" start="2026-05-20T13:08:58.071476" elapsed="2.438343"/>
</suite>
<status status="PASS" start="2026-05-20T13:08:58.058113" elapsed="2.454423"/>
</suite>
<statistics>
<total>
<stat pass="2" fail="0" skip="0">All Tests</stat>
</total>
<tag>
</tag>
<suite>
<stat name="Robot Exam" id="s1" pass="2" fail="0" skip="0">Robot Exam</stat>
<stat name="Testcases" id="s1-s1" pass="2" fail="0" skip="0">Robot Exam.Testcases</stat>
<stat name="Test Edge Browser" id="s1-s1-s1" pass="2" fail="0" skip="0">Robot Exam.Testcases.Test Edge Browser</stat>
</suite>
</statistics>
<errors>
<msg time="2026-05-20T13:08:58.233338" level="WARN">exexcutable_path is being deprecated. Please use service to configure the driver's executable_path as per documentation.</msg>
<msg time="2026-05-20T13:08:59.067200" level="WARN">exexcutable_path is being deprecated. Please use service to configure the driver's executable_path as per documentation.</msg>
</errors>
</robot>
